Jul 26 2023 00:34:44
{"type":8192,"message":"Return type of Ai1wm_Recursive_Exclude_Filter::accept() should either be compatible with FilterIterator::accept(): bool, or the #[\\ReturnTypeWillChange] attribute should be used to temporarily suppress the notice","file":"C:\\xampp\\htdocs\\condoconecta.904.ag\\wp-content\\plugins\\all-in-one-wp-migration\\lib\\vendor\\servmask\\filter\\class-ai1wm-recursive-exclude-filter.php","line":41}

Jul 26 2023 00:34:45
{"type":8192,"message":"Return type of Ai1wm_Recursive_Exclude_Filter::accept() should either be compatible with FilterIterator::accept(): bool, or the #[\\ReturnTypeWillChange] attribute should be used to temporarily suppress the notice","file":"C:\\xampp\\htdocs\\condoconecta.904.ag\\wp-content\\plugins\\all-in-one-wp-migration\\lib\\vendor\\servmask\\filter\\class-ai1wm-recursive-exclude-filter.php","line":41}

Jul 26 2023 00:34:45
{"type":8192,"message":"Return type of Ai1wm_Recursive_Exclude_Filter::accept() should either be compatible with FilterIterator::accept(): bool, or the #[\\ReturnTypeWillChange] attribute should be used to temporarily suppress the notice","file":"C:\\xampp\\htdocs\\condoconecta.904.ag\\wp-content\\plugins\\all-in-one-wp-migration\\lib\\vendor\\servmask\\filter\\class-ai1wm-recursive-exclude-filter.php","line":41}

Jul 26 2023 00:34:46
{"type":8192,"message":"Return type of Ai1wm_Recursive_Exclude_Filter::accept() should either be compatible with FilterIterator::accept(): bool, or the #[\\ReturnTypeWillChange] attribute should be used to temporarily suppress the notice","file":"C:\\xampp\\htdocs\\condoconecta.904.ag\\wp-content\\plugins\\all-in-one-wp-migration\\lib\\vendor\\servmask\\filter\\class-ai1wm-recursive-exclude-filter.php","line":41}

Jul 26 2023 00:34:49
{"type":8192,"message":"Return type of Ai1wm_Recursive_Exclude_Filter::accept() should either be compatible with FilterIterator::accept(): bool, or the #[\\ReturnTypeWillChange] attribute should be used to temporarily suppress the notice","file":"C:\\xampp\\htdocs\\condoconecta.904.ag\\wp-content\\plugins\\all-in-one-wp-migration\\lib\\vendor\\servmask\\filter\\class-ai1wm-recursive-exclude-filter.php","line":41}

Jul 26 2023 00:34:57
{"type":8192,"message":"Return type of Ai1wm_Recursive_Exclude_Filter::accept() should either be compatible with FilterIterator::accept(): bool, or the #[\\ReturnTypeWillChange] attribute should be used to temporarily suppress the notice","file":"C:\\xampp\\htdocs\\condoconecta.904.ag\\wp-content\\plugins\\all-in-one-wp-migration\\lib\\vendor\\servmask\\filter\\class-ai1wm-recursive-exclude-filter.php","line":41}

Jul 26 2023 00:34:58
{"type":8192,"message":"Return type of Ai1wm_Recursive_Exclude_Filter::accept() should either be compatible with FilterIterator::accept(): bool, or the #[\\ReturnTypeWillChange] attribute should be used to temporarily suppress the notice","file":"C:\\xampp\\htdocs\\condoconecta.904.ag\\wp-content\\plugins\\all-in-one-wp-migration\\lib\\vendor\\servmask\\filter\\class-ai1wm-recursive-exclude-filter.php","line":41}

Jul 26 2023 00:34:58
{"type":8192,"message":"Return type of Ai1wm_Recursive_Exclude_Filter::accept() should either be compatible with FilterIterator::accept(): bool, or the #[\\ReturnTypeWillChange] attribute should be used to temporarily suppress the notice","file":"C:\\xampp\\htdocs\\condoconecta.904.ag\\wp-content\\plugins\\all-in-one-wp-migration\\lib\\vendor\\servmask\\filter\\class-ai1wm-recursive-exclude-filter.php","line":41}

Jul 26 2023 00:35:02
{"type":8192,"message":"Return type of Ai1wm_Recursive_Exclude_Filter::accept() should either be compatible with FilterIterator::accept(): bool, or the #[\\ReturnTypeWillChange] attribute should be used to temporarily suppress the notice","file":"C:\\xampp\\htdocs\\condoconecta.904.ag\\wp-content\\plugins\\all-in-one-wp-migration\\lib\\vendor\\servmask\\filter\\class-ai1wm-recursive-exclude-filter.php","line":41}

Jul 26 2023 00:35:06
{"type":8192,"message":"Return type of Ai1wm_Recursive_Exclude_Filter::accept() should either be compatible with FilterIterator::accept(): bool, or the #[\\ReturnTypeWillChange] attribute should be used to temporarily suppress the notice","file":"C:\\xampp\\htdocs\\condoconecta.904.ag\\wp-content\\plugins\\all-in-one-wp-migration\\lib\\vendor\\servmask\\filter\\class-ai1wm-recursive-exclude-filter.php","line":41}

Jul 26 2023 00:35:06
{"type":8192,"message":"Return type of Ai1wm_Recursive_Exclude_Filter::accept() should either be compatible with FilterIterator::accept(): bool, or the #[\\ReturnTypeWillChange] attribute should be used to temporarily suppress the notice","file":"C:\\xampp\\htdocs\\condoconecta.904.ag\\wp-content\\plugins\\all-in-one-wp-migration\\lib\\vendor\\servmask\\filter\\class-ai1wm-recursive-exclude-filter.php","line":41}

Jul 26 2023 00:35:07
{"type":8192,"message":"Return type of Ai1wm_Recursive_Exclude_Filter::accept() should either be compatible with FilterIterator::accept(): bool, or the #[\\ReturnTypeWillChange] attribute should be used to temporarily suppress the notice","file":"C:\\xampp\\htdocs\\condoconecta.904.ag\\wp-content\\plugins\\all-in-one-wp-migration\\lib\\vendor\\servmask\\filter\\class-ai1wm-recursive-exclude-filter.php","line":41}

Jul 26 2023 00:35:08
{"type":8192,"message":"Return type of Ai1wm_Recursive_Exclude_Filter::accept() should either be compatible with FilterIterator::accept(): bool, or the #[\\ReturnTypeWillChange] attribute should be used to temporarily suppress the notice","file":"C:\\xampp\\htdocs\\condoconecta.904.ag\\wp-content\\plugins\\all-in-one-wp-migration\\lib\\vendor\\servmask\\filter\\class-ai1wm-recursive-exclude-filter.php","line":41}

Jul 26 2023 00:35:09
{"Number":8192,"Message":"rtrim(): Passing null to parameter #1 ($string) of type string is deprecated","File":"C:\\xampp\\htdocs\\condoconecta.904.ag\\wp-includes\\formatting.php","Line":2809}

Jul 26 2023 00:35:09
{"Number":8192,"Message":"rtrim(): Passing null to parameter #1 ($string) of type string is deprecated","File":"C:\\xampp\\htdocs\\condoconecta.904.ag\\wp-includes\\formatting.php","Line":2809}

Jul 26 2023 00:35:09
{"Number":8192,"Message":"rtrim(): Passing null to parameter #1 ($string) of type string is deprecated","File":"C:\\xampp\\htdocs\\condoconecta.904.ag\\wp-includes\\formatting.php","Line":2809}

Jul 26 2023 00:35:09
{"Number":8192,"Message":"rtrim(): Passing null to parameter #1 ($string) of type string is deprecated","File":"C:\\xampp\\htdocs\\condoconecta.904.ag\\wp-includes\\formatting.php","Line":2809}

Jul 26 2023 00:35:09
{"Number":8192,"Message":"rtrim(): Passing null to parameter #1 ($string) of type string is deprecated","File":"C:\\xampp\\htdocs\\condoconecta.904.ag\\wp-includes\\formatting.php","Line":2809}

Jul 26 2023 00:35:09
{"Number":8192,"Message":"rtrim(): Passing null to parameter #1 ($string) of type string is deprecated","File":"C:\\xampp\\htdocs\\condoconecta.904.ag\\wp-includes\\formatting.php","Line":2809}

Jul 26 2023 00:35:09
{"Number":8192,"Message":"rtrim(): Passing null to parameter #1 ($string) of type string is deprecated","File":"C:\\xampp\\htdocs\\condoconecta.904.ag\\wp-includes\\formatting.php","Line":2809}

Jul 26 2023 00:35:09
{"Number":8192,"Message":"rtrim(): Passing null to parameter #1 ($string) of type string is deprecated","File":"C:\\xampp\\htdocs\\condoconecta.904.ag\\wp-includes\\formatting.php","Line":2809}

Jul 26 2023 00:35:09
{"Number":8192,"Message":"rtrim(): Passing null to parameter #1 ($string) of type string is deprecated","File":"C:\\xampp\\htdocs\\condoconecta.904.ag\\wp-includes\\formatting.php","Line":2809}

Jul 26 2023 00:35:09
{"Number":8192,"Message":"rtrim(): Passing null to parameter #1 ($string) of type string is deprecated","File":"C:\\xampp\\htdocs\\condoconecta.904.ag\\wp-includes\\formatting.php","Line":2809}

Jul 26 2023 00:35:09
{"Number":8192,"Message":"rtrim(): Passing null to parameter #1 ($string) of type string is deprecated","File":"C:\\xampp\\htdocs\\condoconecta.904.ag\\wp-includes\\formatting.php","Line":2809}

Jul 26 2023 00:35:09
{"Number":8192,"Message":"rtrim(): Passing null to parameter #1 ($string) of type string is deprecated","File":"C:\\xampp\\htdocs\\condoconecta.904.ag\\wp-includes\\formatting.php","Line":2809}

Jul 26 2023 00:35:09
{"Number":8192,"Message":"rtrim(): Passing null to parameter #1 ($string) of type string is deprecated","File":"C:\\xampp\\htdocs\\condoconecta.904.ag\\wp-includes\\formatting.php","Line":2809}

Jul 26 2023 00:35:09
{"Number":8192,"Message":"rtrim(): Passing null to parameter #1 ($string) of type string is deprecated","File":"C:\\xampp\\htdocs\\condoconecta.904.ag\\wp-includes\\formatting.php","Line":2809}

Jul 26 2023 00:35:09
{"Number":8192,"Message":"rtrim(): Passing null to parameter #1 ($string) of type string is deprecated","File":"C:\\xampp\\htdocs\\condoconecta.904.ag\\wp-includes\\formatting.php","Line":2809}

Jul 26 2023 00:35:09
{"Number":8192,"Message":"rtrim(): Passing null to parameter #1 ($string) of type string is deprecated","File":"C:\\xampp\\htdocs\\condoconecta.904.ag\\wp-includes\\formatting.php","Line":2809}

Jul 26 2023 00:35:09
{"Number":8192,"Message":"rtrim(): Passing null to parameter #1 ($string) of type string is deprecated","File":"C:\\xampp\\htdocs\\condoconecta.904.ag\\wp-includes\\formatting.php","Line":2809}

Jul 26 2023 00:35:09
{"Number":8192,"Message":"rtrim(): Passing null to parameter #1 ($string) of type string is deprecated","File":"C:\\xampp\\htdocs\\condoconecta.904.ag\\wp-includes\\formatting.php","Line":2809}

Jul 26 2023 00:35:09
{"Number":8192,"Message":"rtrim(): Passing null to parameter #1 ($string) of type string is deprecated","File":"C:\\xampp\\htdocs\\condoconecta.904.ag\\wp-includes\\formatting.php","Line":2809}

Jul 26 2023 00:35:09
{"Number":8192,"Message":"rtrim(): Passing null to parameter #1 ($string) of type string is deprecated","File":"C:\\xampp\\htdocs\\condoconecta.904.ag\\wp-includes\\formatting.php","Line":2809}

Jul 26 2023 00:35:09
{"Number":8192,"Message":"rtrim(): Passing null to parameter #1 ($string) of type string is deprecated","File":"C:\\xampp\\htdocs\\condoconecta.904.ag\\wp-includes\\formatting.php","Line":2809}

Jul 26 2023 00:35:09
{"Number":8192,"Message":"rtrim(): Passing null to parameter #1 ($string) of type string is deprecated","File":"C:\\xampp\\htdocs\\condoconecta.904.ag\\wp-includes\\formatting.php","Line":2809}

Jul 26 2023 00:35:09
{"Number":8192,"Message":"rtrim(): Passing null to parameter #1 ($string) of type string is deprecated","File":"C:\\xampp\\htdocs\\condoconecta.904.ag\\wp-includes\\formatting.php","Line":2809}

Jul 26 2023 00:35:09
{"Number":8192,"Message":"rtrim(): Passing null to parameter #1 ($string) of type string is deprecated","File":"C:\\xampp\\htdocs\\condoconecta.904.ag\\wp-includes\\formatting.php","Line":2809}

Jul 26 2023 00:35:10
{"type":8192,"message":"Return type of Ai1wm_Recursive_Exclude_Filter::accept() should either be compatible with FilterIterator::accept(): bool, or the #[\\ReturnTypeWillChange] attribute should be used to temporarily suppress the notice","file":"C:\\xampp\\htdocs\\condoconecta.904.ag\\wp-content\\plugins\\all-in-one-wp-migration\\lib\\vendor\\servmask\\filter\\class-ai1wm-recursive-exclude-filter.php","line":41}

Jul 26 2023 00:35:11
{"type":8192,"message":"Return type of Ai1wm_Recursive_Exclude_Filter::accept() should either be compatible with FilterIterator::accept(): bool, or the #[\\ReturnTypeWillChange] attribute should be used to temporarily suppress the notice","file":"C:\\xampp\\htdocs\\condoconecta.904.ag\\wp-content\\plugins\\all-in-one-wp-migration\\lib\\vendor\\servmask\\filter\\class-ai1wm-recursive-exclude-filter.php","line":41}

Jul 26 2023 00:35:12
{"type":2,"message":"Constant INSERT_CODE already defined","file":"C:\\xampp\\htdocs\\condoconecta.904.ag\\wp-content\\plugins\\all-in-one-wp-migration-unlimited-extension\\class.plugin-modules.php","line":494}

Jul 26 2023 00:35:12
{"type":2,"message":"Constant INSERT_CODE already defined","file":"C:\\xampp\\htdocs\\condoconecta.904.ag\\wp-content\\plugins\\all-in-one-wp-migration-unlimited-extension\\class.plugin-modules.php","line":494}

Jul 26 2023 00:35:13
{"type":2,"message":"Constant INSERT_CODE already defined","file":"C:\\xampp\\htdocs\\condoconecta.904.ag\\wp-content\\plugins\\all-in-one-wp-migration-unlimited-extension\\class.plugin-modules.php","line":494}

Jul 26 2023 00:35:14
{"type":2,"message":"Constant INSERT_CODE already defined","file":"C:\\xampp\\htdocs\\condoconecta.904.ag\\wp-content\\plugins\\all-in-one-wp-migration-unlimited-extension\\class.plugin-modules.php","line":494}

Jul 26 2023 00:35:15
{"type":2,"message":"Constant INSERT_CODE already defined","file":"C:\\xampp\\htdocs\\condoconecta.904.ag\\wp-content\\plugins\\all-in-one-wp-migration-unlimited-extension\\class.plugin-modules.php","line":494}

Jul 26 2023 00:59:55
{"type":2,"message":"Constant INSERT_CODE already defined","file":"C:\\xampp\\htdocs\\condoconecta.904.ag\\wp-content\\plugins\\all-in-one-wp-migration-unlimited-extension\\class.plugin-modules.php","line":494}

Jul 26 2023 00:59:57
{"type":2,"message":"Constant INSERT_CODE already defined","file":"C:\\xampp\\htdocs\\condoconecta.904.ag\\wp-content\\plugins\\all-in-one-wp-migration-unlimited-extension\\class.plugin-modules.php","line":494}

Jul 26 2023 00:59:59
{"Number":8192,"Message":"explode(): Passing null to parameter #2 ($string) of type string is deprecated","File":"C:\\xampp\\htdocs\\condoconecta.904.ag\\wp-content\\plugins\\all-in-one-wp-migration\\functions.php","Line":359}

Jul 26 2023 00:59:59
{"type":2,"message":"Constant INSERT_CODE already defined","file":"C:\\xampp\\htdocs\\condoconecta.904.ag\\wp-content\\plugins\\all-in-one-wp-migration-unlimited-extension\\class.plugin-modules.php","line":494}

Jul 26 2023 01:00:00
{"type":2,"message":"Constant INSERT_CODE already defined","file":"C:\\xampp\\htdocs\\condoconecta.904.ag\\wp-content\\plugins\\all-in-one-wp-migration-unlimited-extension\\class.plugin-modules.php","line":494}

Jul 26 2023 01:00:00
{"type":2,"message":"Constant INSERT_CODE already defined","file":"C:\\xampp\\htdocs\\condoconecta.904.ag\\wp-content\\plugins\\all-in-one-wp-migration-unlimited-extension\\class.plugin-modules.php","line":494}

Jul 26 2023 01:00:01
{"type":2,"message":"Constant INSERT_CODE already defined","file":"C:\\xampp\\htdocs\\condoconecta.904.ag\\wp-content\\plugins\\all-in-one-wp-migration-unlimited-extension\\class.plugin-modules.php","line":494}

Jul 26 2023 01:00:02
{"type":2,"message":"Constant INSERT_CODE already defined","file":"C:\\xampp\\htdocs\\condoconecta.904.ag\\wp-content\\plugins\\all-in-one-wp-migration-unlimited-extension\\class.plugin-modules.php","line":494}

Jul 26 2023 01:00:04
{"type":2,"message":"Constant INSERT_CODE already defined","file":"C:\\xampp\\htdocs\\condoconecta.904.ag\\wp-content\\plugins\\all-in-one-wp-migration-unlimited-extension\\class.plugin-modules.php","line":494}

Jul 26 2023 01:00:05
{"type":2,"message":"Constant INSERT_CODE already defined","file":"C:\\xampp\\htdocs\\condoconecta.904.ag\\wp-content\\plugins\\all-in-one-wp-migration-unlimited-extension\\class.plugin-modules.php","line":494}

Jul 26 2023 01:00:08
{"type":2,"message":"Constant INSERT_CODE already defined","file":"C:\\xampp\\htdocs\\condoconecta.904.ag\\wp-content\\plugins\\all-in-one-wp-migration-unlimited-extension\\class.plugin-modules.php","line":494}

Jul 26 2023 01:00:09
{"type":2,"message":"Constant INSERT_CODE already defined","file":"C:\\xampp\\htdocs\\condoconecta.904.ag\\wp-content\\plugins\\all-in-one-wp-migration-unlimited-extension\\class.plugin-modules.php","line":494}

Jul 26 2023 01:00:10
{"type":2,"message":"Constant INSERT_CODE already defined","file":"C:\\xampp\\htdocs\\condoconecta.904.ag\\wp-content\\plugins\\all-in-one-wp-migration-unlimited-extension\\class.plugin-modules.php","line":494}

Jul 26 2023 01:00:10
{"type":2,"message":"Constant INSERT_CODE already defined","file":"C:\\xampp\\htdocs\\condoconecta.904.ag\\wp-content\\plugins\\all-in-one-wp-migration-unlimited-extension\\class.plugin-modules.php","line":494}

Jul 26 2023 01:00:12
{"type":2,"message":"Constant INSERT_CODE already defined","file":"C:\\xampp\\htdocs\\condoconecta.904.ag\\wp-content\\plugins\\all-in-one-wp-migration-unlimited-extension\\class.plugin-modules.php","line":494}

Jul 26 2023 01:00:14
{"type":2,"message":"Constant INSERT_CODE already defined","file":"C:\\xampp\\htdocs\\condoconecta.904.ag\\wp-content\\plugins\\all-in-one-wp-migration-unlimited-extension\\class.plugin-modules.php","line":494}

Jul 26 2023 01:00:15
{"type":2,"message":"Constant INSERT_CODE already defined","file":"C:\\xampp\\htdocs\\condoconecta.904.ag\\wp-content\\plugins\\all-in-one-wp-migration-unlimited-extension\\class.plugin-modules.php","line":494}

Jul 26 2023 01:00:15
{"type":2,"message":"Constant INSERT_CODE already defined","file":"C:\\xampp\\htdocs\\condoconecta.904.ag\\wp-content\\plugins\\all-in-one-wp-migration-unlimited-extension\\class.plugin-modules.php","line":494}

Jul 26 2023 01:00:16
{"type":2,"message":"Constant INSERT_CODE already defined","file":"C:\\xampp\\htdocs\\condoconecta.904.ag\\wp-content\\plugins\\all-in-one-wp-migration-unlimited-extension\\class.plugin-modules.php","line":494}

